<?xml version="1.0" encoding="UTF-8"?>
<!-- Generated by org.testng.reporters.JUnitReportReporter -->
<testsuite skipped="0" hostname="4" name="com.acopic.testcases.LoginTest" tests="1" failures="0" timestamp="2019-03-04T23:32:10 CET" time="3.224" errors="0">
  <testcase name="loginAsBankManager" time="3.224" classname="com.acopic.testcases.LoginTest"/>
</testsuite> <!-- com.acopic.testcases.LoginTest -->
